<?xml version="1.0" encoding="UTF-8"?>
<!-- Generated by org.testng.reporters.JUnitReportReporter -->
<testsuite skipped="0" hostname="DESKTOP-I4FSC0B" name="testcase.CreateLead" tests="1" failures="0" timestamp="2023-08-21T16:49:53 IST" time="20.397" errors="0">
  <testcase name="runCreate" time="20.397" classname="testcase.CreateLead"/>
  <system-out/>
</testsuite> <!-- testcase.CreateLead -->
