<?xml version="1.0" encoding="UTF-8"?>
<!-- Generated by org.testng.reporters.JUnitReportReporter -->
<testsuite skipped="0" hostname="DESKTOP-I4FSC0B" name="week6.day2.assignment.CreateLead" tests="2" failures="0" timestamp="2023-09-08T22:48:13 IST" time="67.023" errors="0">
  <testcase name="runCreate" time="24.654" classname="week6.day2.assignment.CreateLead"/>
  <system-out/>
  <testcase name="runCreate" time="42.369" classname="week6.day2.assignment.CreateLead"/>
  <system-out/>
</testsuite> <!-- week6.day2.assignment.CreateLead -->
