<?xml version="1.0" encoding="UTF-8"?>
<!-- Generated by org.testng.reporters.JUnitReportReporter -->
<testsuite skipped="0" hostname="DESKTOP-I4FSC0B" name="testcase.EditLead" tests="1" failures="0" timestamp="2023-08-21T16:49:53 IST" time="17.868" errors="0">
  <testcase name="runEdit" time="17.868" classname="testcase.EditLead"/>
  <system-out/>
</testsuite> <!-- testcase.EditLead -->
