<?xml version="1.0" encoding="UTF-8"?>
<!-- Generated by org.testng.reporters.JUnitReportReporter -->
<testsuite skipped="0" hostname="DESKTOP-I4FSC0B" name="week6.day1.assignments.MergeLead" tests="2" failures="0" timestamp="2023-08-26T21:35:14 IST" time="34.141" errors="0">
  <testcase name="runMerge" time="15.479" classname="week6.day1.assignments.MergeLead"/>
  <system-out/>
  <testcase name="runMerge" time="18.662" classname="week6.day1.assignments.MergeLead"/>
  <system-out/>
</testsuite> <!-- week6.day1.assignments.MergeLead -->
