<?xml version="1.0" encoding="UTF-8"?>
<!-- Generated by org.testng.reporters.JUnitReportReporter -->
<testsuite skipped="0" hostname="DESKTOP-I4FSC0B" name="week6.day1.classroom.CreateLead" tests="4" failures="0" timestamp="2023-08-26T20:04:59 IST" time="52.278" errors="0">
  <testcase name="runCreate" time="12.794" classname="week6.day1.classroom.CreateLead"/>
  <system-out/>
  <testcase name="runCreate" time="13.581" classname="week6.day1.classroom.CreateLead"/>
  <system-out/>
  <testcase name="runCreate" time="13.589" classname="week6.day1.classroom.CreateLead"/>
  <system-out/>
  <testcase name="runCreate" time="12.314" classname="week6.day1.classroom.CreateLead"/>
  <system-out/>
</testsuite> <!-- week6.day1.classroom.CreateLead -->
