<?xml version="1.0" encoding="UTF-8"?>
<!-- Generated by org.testng.reporters.JUnitReportReporter -->
<testsuite skipped="0" hostname="DESKTOP-I4FSC0B" name="week6.day1.assignments.EditLead" tests="3" failures="0" timestamp="2023-08-26T21:35:14 IST" time="44.446" errors="0">
  <testcase name="runEdit" time="13.577" classname="week6.day1.assignments.EditLead"/>
  <system-out/>
  <testcase name="runEdit" time="15.963" classname="week6.day1.assignments.EditLead"/>
  <system-out/>
  <testcase name="runEdit" time="14.906" classname="week6.day1.assignments.EditLead"/>
  <system-out/>
</testsuite> <!-- week6.day1.assignments.EditLead -->
