<?xml version="1.0" encoding="UTF-8"?>
<!-- Generated by org.testng.reporters.JUnitReportReporter -->
<testsuite skipped="0" hostname="DESKTOP-I4FSC0B" name="week5.day1.assignment.DeleteLead" tests="1" failures="0" timestamp="2023-08-22T03:57:10 IST" time="16.790" errors="0">
  <testcase name="runDelete" time="16.790" classname="week5.day1.assignment.DeleteLead"/>
  <system-out/>
</testsuite> <!-- week5.day1.assignment.DeleteLead -->
