<?xml version="1.0" encoding="UTF-8"?>
<!-- Generated by org.testng.reporters.JUnitReportReporter -->
<testsuite skipped="0" hostname="DESKTOP-I4FSC0B" name="week6.day1.classroom.MergeLead" tests="2" failures="0" timestamp="2023-08-26T20:04:59 IST" time="37.369" errors="0">
  <testcase name="runMerge" time="19.480" classname="week6.day1.classroom.MergeLead"/>
  <system-out/>
  <testcase name="runMerge" time="17.889" classname="week6.day1.classroom.MergeLead"/>
  <system-out/>
</testsuite> <!-- week6.day1.classroom.MergeLead -->
