<?xml version="1.0" encoding="UTF-8"?>
<!-- Generated by org.testng.reporters.JUnitReportReporter -->
<testsuite skipped="0" hostname="DESKTOP-I4FSC0B" name="runner.RunnerClass" tests="2" failures="0" timestamp="2023-09-03T10:06:02 IST" time="11.878" errors="0">
  <testcase name="runScenario" time="6.592" classname="runner.RunnerClass"/>
  <system-out/>
  <testcase name="runScenario" time="5.286" classname="runner.RunnerClass"/>
  <system-out/>
</testsuite> <!-- runner.RunnerClass -->
