<?xml version="1.0" encoding="UTF-8"?>
<!-- Generated by org.testng.reporters.JUnitReportReporter -->
<testsuite skipped="0" hostname="DESKTOP-I4FSC0B" name="runner.RunnerClass" tests="1" failures="0" timestamp="2023-09-02T11:11:17 IST" time="9.296" errors="0">
  <testcase name="runScenario" time="9.296" classname="runner.RunnerClass"/>
  <system-out/>
</testsuite> <!-- runner.RunnerClass -->
