<?xml version="1.0" encoding="UTF-8"?>
<!-- Generated by org.testng.reporters.JUnitReportReporter -->
<testsuite skipped="0" hostname="DESKTOP-I4FSC0B" name="week8.day1.testcases.LoginTC" tests="1" failures="0" timestamp="2023-09-09T10:36:24 IST" time="10.901" errors="0">
  <testcase name="runLogin" time="10.901" classname="week8.day1.testcases.LoginTC"/>
  <system-out/>
</testsuite> <!-- week8.day1.testcases.LoginTC -->
