<?xml version="1.0" encoding="UTF-8"?>
<!-- Generated by org.testng.reporters.JUnitReportReporter -->
<testsuite skipped="0" hostname="DESKTOP-I4FSC0B" name="week6.day1.classroom.DeleteLead" tests="3" failures="0" timestamp="2023-08-26T20:04:59 IST" time="34.913" errors="0">
  <testcase name="runDelete" time="11.715" classname="week6.day1.classroom.DeleteLead"/>
  <system-out/>
  <testcase name="runDelete" time="12.066" classname="week6.day1.classroom.DeleteLead"/>
  <system-out/>
  <testcase name="runDelete" time="11.132" classname="week6.day1.classroom.DeleteLead"/>
  <system-out/>
</testsuite> <!-- week6.day1.classroom.DeleteLead -->
