<?xml version="1.0" encoding="UTF-8"?>
<!-- Generated by org.testng.reporters.JUnitReportReporter -->
<testsuite skipped="0" hostname="DESKTOP-I4FSC0B" name="week8.day1.testcases.CreateLeadsTC" tests="2" failures="0" timestamp="2023-09-09T11:19:41 IST" time="24.891" errors="0">
  <testcase name="runCreate" time="14.385" classname="week8.day1.testcases.CreateLeadsTC"/>
  <system-out/>
  <testcase name="runCreate" time="10.506" classname="week8.day1.testcases.CreateLeadsTC"/>
  <system-out/>
</testsuite> <!-- week8.day1.testcases.CreateLeadsTC -->
