<?xml version="1.0" encoding="UTF-8"?>
<!-- Generated by org.testng.reporters.JUnitReportReporter -->
<testsuite skipped="0" hostname="DESKTOP-I4FSC0B" name="week6.day1.classroom.EditLead" tests="3" failures="0" timestamp="2023-08-26T20:04:59 IST" time="42.367" errors="0">
  <testcase name="runEdit" time="13.392" classname="week6.day1.classroom.EditLead"/>
  <system-out/>
  <testcase name="runEdit" time="13.941" classname="week6.day1.classroom.EditLead"/>
  <system-out/>
  <testcase name="runEdit" time="15.034" classname="week6.day1.classroom.EditLead"/>
  <system-out/>
</testsuite> <!-- week6.day1.classroom.EditLead -->
