<?xml version="1.0" encoding="UTF-8"?>
<!-- Generated by org.testng.reporters.JUnitReportReporter -->
<testsuite skipped="0" hostname="DESKTOP-I4FSC0B" name="week7.day2.classroom.testcases.Login" tests="1" failures="0" timestamp="2023-09-03T12:42:39 IST" time="12.616" errors="0">
  <testcase name="runLogin" time="12.616" classname="week7.day2.classroom.testcases.Login"/>
  <system-out/>
</testsuite> <!-- week7.day2.classroom.testcases.Login -->
