<?xml version="1.0" encoding="UTF-8"?>
<!-- Generated by org.testng.reporters.JUnitReportReporter -->
<testsuite skipped="0" hostname="DESKTOP-I4FSC0B" name="week6.day1.classroom.CreateLead" tests="4" failures="0" timestamp="2023-08-26T20:32:50 IST" time="52.603" errors="0">
  <testcase name="runCreate" time="11.581" classname="week6.day1.classroom.CreateLead"/>
  <system-out/>
  <testcase name="runCreate" time="13.818" classname="week6.day1.classroom.CreateLead"/>
  <system-out/>
  <testcase name="runCreate" time="14.516" classname="week6.day1.classroom.CreateLead"/>
  <system-out/>
  <testcase name="runCreate" time="12.688" classname="week6.day1.classroom.CreateLead"/>
  <system-out/>
</testsuite> <!-- week6.day1.classroom.CreateLead -->
