<?xml version="1.0" encoding="UTF-8"?>
<!-- Generated by org.testng.reporters.JUnitReportReporter -->
<testsuite skipped="0" hostname="DESKTOP-I4FSC0B" name="week5.day1.assignment2.DeleteExistingCaller" tests="1" failures="0" timestamp="2023-08-25T15:32:55 IST" time="122.290" errors="0">
  <testcase name="deleteCaller" time="122.290" classname="week5.day1.assignment2.DeleteExistingCaller"/>
  <system-out/>
</testsuite> <!-- week5.day1.assignment2.DeleteExistingCaller -->
