<?xml version="1.0" encoding="UTF-8"?>
<!-- Generated by org.testng.reporters.JUnitReportReporter -->
<testsuite skipped="0" hostname="DESKTOP-I4FSC0B" name="week8.day1.testcases.CreateLeadsTC" tests="1" failures="0" timestamp="2023-09-09T10:36:24 IST" time="15.228" errors="0">
  <testcase name="runCreate" time="15.228" classname="week8.day1.testcases.CreateLeadsTC"/>
  <system-out/>
</testsuite> <!-- week8.day1.testcases.CreateLeadsTC -->
