<?xml version="1.0" encoding="UTF-8"?>
<!-- Generated by org.testng.reporters.JUnitReportReporter -->
<testsuite skipped="0" hostname="DESKTOP-I4FSC0B" name="week6.day1.classroom.CreateLead" tests="4" failures="0" timestamp="2023-09-08T22:17:09 IST" time="51.085" errors="0">
  <testcase name="runCreate" time="12.390" classname="week6.day1.classroom.CreateLead"/>
  <system-out/>
  <testcase name="runCreate" time="12.649" classname="week6.day1.classroom.CreateLead"/>
  <system-out/>
  <testcase name="runCreate" time="11.770" classname="week6.day1.classroom.CreateLead"/>
  <system-out/>
  <testcase name="runCreate" time="14.276" classname="week6.day1.classroom.CreateLead"/>
  <system-out/>
</testsuite> <!-- week6.day1.classroom.CreateLead -->
