<?xml version="1.0" encoding="UTF-8"?>
<!-- Generated by org.testng.reporters.JUnitReportReporter -->
<testsuite skipped="0" hostname="DESKTOP-I4FSC0B" name="week6.day2.classroom.CreateLead" tests="4" failures="0" timestamp="2023-08-27T10:15:31 IST" time="57.814" errors="0">
  <testcase name="runCreate" time="13.141" classname="week6.day2.classroom.CreateLead"/>
  <system-out/>
  <testcase name="runCreate" time="12.666" classname="week6.day2.classroom.CreateLead"/>
  <system-out/>
  <testcase name="runCreate" time="16.949" classname="week6.day2.classroom.CreateLead"/>
  <system-out/>
  <testcase name="runCreate" time="15.058" classname="week6.day2.classroom.CreateLead"/>
  <system-out/>
</testsuite> <!-- week6.day2.classroom.CreateLead -->
