<?xml version="1.0" encoding="UTF-8"?>
<!-- Generated by org.testng.reporters.JUnitReportReporter -->
<testsuite skipped="0" hostname="DESKTOP-I4FSC0B" name="week6.day1.assignments.CreateLead" tests="4" failures="0" timestamp="2023-08-26T21:35:14 IST" time="51.006" errors="0">
  <testcase name="runCreate" time="13.614" classname="week6.day1.assignments.CreateLead"/>
  <system-out/>
  <testcase name="runCreate" time="12.201" classname="week6.day1.assignments.CreateLead"/>
  <system-out/>
  <testcase name="runCreate" time="12.588" classname="week6.day1.assignments.CreateLead"/>
  <system-out/>
  <testcase name="runCreate" time="12.603" classname="week6.day1.assignments.CreateLead"/>
  <system-out/>
</testsuite> <!-- week6.day1.assignments.CreateLead -->
