<?xml version="1.0" encoding="UTF-8"?>
<!-- Generated by org.testng.reporters.JUnitReportReporter -->
<testsuite skipped="0" hostname="DESKTOP-I4FSC0B" name="week5.day1.assignment.CreateLead" tests="1" failures="0" timestamp="2023-08-22T03:57:10 IST" time="29.974" errors="0">
  <testcase name="runCreate" time="29.974" classname="week5.day1.assignment.CreateLead"/>
  <system-out/>
</testsuite> <!-- week5.day1.assignment.CreateLead -->
