<?xml version="1.0" encoding="UTF-8"?>
<!-- Generated by org.testng.reporters.JUnitReportReporter -->
<testsuite skipped="0" hostname="DESKTOP-I4FSC0B" name="week6.day2.classroom.DeleteLead" tests="3" failures="0" timestamp="2023-08-27T10:15:31 IST" time="35.684" errors="0">
  <testcase name="runDelete" time="12.830" classname="week6.day2.classroom.DeleteLead"/>
  <system-out/>
  <testcase name="runDelete" time="11.459" classname="week6.day2.classroom.DeleteLead"/>
  <system-out/>
  <testcase name="runDelete" time="11.395" classname="week6.day2.classroom.DeleteLead"/>
  <system-out/>
</testsuite> <!-- week6.day2.classroom.DeleteLead -->
