<?xml version="1.0" encoding="UTF-8"?>
<!-- Generated by org.testng.reporters.JUnitReportReporter -->
<testsuite skipped="0" hostname="DESKTOP-I4FSC0B" name="week6.day1.classroom.DuplicateLead" tests="3" failures="0" timestamp="2023-08-26T20:04:59 IST" time="57.607" errors="0">
  <testcase name="runDuplicate" time="21.616" classname="week6.day1.classroom.DuplicateLead"/>
  <system-out/>
  <testcase name="runDuplicate" time="18.262" classname="week6.day1.classroom.DuplicateLead"/>
  <system-out/>
  <testcase name="runDuplicate" time="17.729" classname="week6.day1.classroom.DuplicateLead"/>
  <system-out/>
</testsuite> <!-- week6.day1.classroom.DuplicateLead -->
