<?xml version="1.0" encoding="UTF-8"?>
<!-- Generated by org.testng.reporters.JUnitReportReporter -->
<testsuite skipped="0" hostname="DESKTOP-I4FSC0B" name="week6.day1.assignments.DuplicateLead" tests="3" failures="0" timestamp="2023-08-26T21:35:14 IST" time="69.877" errors="0">
  <testcase name="runDuplicate" time="24.877" classname="week6.day1.assignments.DuplicateLead"/>
  <system-out/>
  <testcase name="runDuplicate" time="21.715" classname="week6.day1.assignments.DuplicateLead"/>
  <system-out/>
  <testcase name="runDuplicate" time="23.285" classname="week6.day1.assignments.DuplicateLead"/>
  <system-out/>
</testsuite> <!-- week6.day1.assignments.DuplicateLead -->
