<?xml version="1.0" encoding="UTF-8"?>
<!-- Generated by org.testng.reporters.JUnitReportReporter -->
<testsuite skipped="0" hostname="DESKTOP-I4FSC0B" name="testcase.MergeLead" tests="1" failures="0" timestamp="2023-08-21T16:49:53 IST" time="23.862" errors="0">
  <testcase name="runMerge" time="23.862" classname="testcase.MergeLead"/>
  <system-out/>
</testsuite> <!-- testcase.MergeLead -->
