<?xml version="1.0" encoding="UTF-8"?>
<!-- Generated by org.testng.reporters.JUnitReportReporter -->
<testsuite skipped="0" hostname="DESKTOP-I4FSC0B" name="week5.day1.assignment.EditLead" tests="1" failures="0" timestamp="2023-08-22T03:57:10 IST" time="31.221" errors="0">
  <testcase name="runEdit" time="31.221" classname="week5.day1.assignment.EditLead"/>
  <system-out/>
</testsuite> <!-- week5.day1.assignment.EditLead -->
